{
  "stats": {
    "suites": 3,
    "tests": 6,
    "passes": 3,
    "pending": 0,
    "failures": 3,
    "start": "2025-07-22T01:18:53.531Z",
    "end": "2025-07-22T01:18:53.714Z",
    "duration": 183,
    "testsRegistered": 6,
    "passPercent": 50,
    "pendingPercent": 0,
    "other": 0,
    "hasOther": false,
    "skipped": 0,
    "hasSkipped": false
  },
  "results": [
    {
      "uuid": "669aa3f1-3eaa-4d2d-9268-d4d1e52c736f",
      "title": "",
      "fullFile": "C:\\Projetos\\Mentoria 2.0\\desafio_03.1\\test\\login.test.js",
      "file": "\\test\\login.test.js",
      "beforeHooks": [],
      "afterHooks": [],
      "tests": [],
      "suites": [
        {
          "uuid": "9f9db4b9-78c9-4a63-b66a-4623ccfad1a3",
          "title": "Login",
          "fullFile": "C:\\Projetos\\Mentoria 2.0\\desafio_03.1\\test\\login.test.js",
          "file": "\\test\\login.test.js",
          "beforeHooks": [],
          "afterHooks": [],
          "tests": [],
          "suites": [
            {
              "uuid": "3fcb7576-bae4-4550-bdf4-4bc53f897c78",
              "title": "POST/auth/login",
              "fullFile": "C:\\Projetos\\Mentoria 2.0\\desafio_03.1\\test\\login.test.js",
              "file": "\\test\\login.test.js",
              "beforeHooks": [],
              "afterHooks": [],
              "tests": [
                {
                  "title": "Deve retornar CODE 200 e mensagem \"Login realizado com sucesso\" quando usar credenciais válidas ",
                  "fullTitle": "Login POST/auth/login Deve retornar CODE 200 e mensagem \"Login realizado com sucesso\" quando usar credenciais válidas ",
                  "timedOut": false,
                  "duration": 72,
                  "state": "failed",
                  "speed": null,
                  "pass": false,
                  "fail": true,
                  "pending": false,
                  "context": null,
                  "code": "const bodyLogin = { ...postLogin }\nbodyLogin.password = \"senha123\"\nconst resposta = await request(process.env.BASE_URL)\n    .post('/auth/login')\n    .set('Content-Type', 'application/json')\n    .send(bodyLogin)\nexpect(resposta.status).to.equal(200);\nexpect(resposta.body.mensagem).to.equal(\"Login realizado com sucesso!\")",
                  "err": {
                    "message": "AssertionError: expected 403 to equal 200",
                    "estack": "AssertionError: expected 403 to equal 200\n    at Context.<anonymous> (test\\login.test.js:15:40)\n    at process.processTicksAndRejections (node:internal/process/task_queues:105:5)",
                    "diff": "- 403\n+ 200\n"
                  },
                  "uuid": "e7878f15-9fc2-4a85-b849-6bda1afc9121",
                  "parentUUID": "3fcb7576-bae4-4550-bdf4-4bc53f897c78",
                  "isHook": false,
                  "skipped": false
                },
                {
                  "title": "Deve retornar CODE 404 e mensagem \"Usuário não cadastrado.\" quando usar credenciais não cadastradas",
                  "fullTitle": "Login POST/auth/login Deve retornar CODE 404 e mensagem \"Usuário não cadastrado.\" quando usar credenciais não cadastradas",
                  "timedOut": false,
                  "duration": 7,
                  "state": "passed",
                  "speed": "fast",
                  "pass": true,
                  "fail": false,
                  "pending": false,
                  "context": null,
                  "code": "const bodyLogin = { ...postLogin }\nbodyLogin.username = \"usuario-nao-cadastrado\"\nconst resposta = await request(process.env.BASE_URL)\n    .post('/auth/login')\n    .set('Content-Type', 'application/json')\n    .send(bodyLogin)\nexpect(resposta.status).to.equal(404);\nexpect(resposta.body.mensagem).to.equal(\"Usuário não cadastrado.\")",
                  "err": {},
                  "uuid": "e491a55d-1756-4671-876b-82ca219158b1",
                  "parentUUID": "3fcb7576-bae4-4550-bdf4-4bc53f897c78",
                  "isHook": false,
                  "skipped": false
                },
                {
                  "title": "Deve retornar CODE 401 e mensagem \"Credenciais inválidas.\" quando usar credenciais inválidas",
                  "fullTitle": "Login POST/auth/login Deve retornar CODE 401 e mensagem \"Credenciais inválidas.\" quando usar credenciais inválidas",
                  "timedOut": false,
                  "duration": 5,
                  "state": "failed",
                  "speed": null,
                  "pass": false,
                  "fail": true,
                  "pending": false,
                  "context": null,
                  "code": "const bodyLogin = { ...postLogin }\nconst resposta = await request(process.env.BASE_URL)\n    .post('/auth/login')\n    .set('Content-Type', 'application/json')\n    .send(bodyLogin)\nexpect(resposta.status).to.equal(401);\nexpect(resposta.body.mensagem).to.equal(\"Credenciais inválidas.\")",
                  "err": {
                    "message": "AssertionError: expected 403 to equal 401",
                    "estack": "AssertionError: expected 403 to equal 401\n    at Context.<anonymous> (test\\login.test.js:34:40)\n    at process.processTicksAndRejections (node:internal/process/task_queues:105:5)",
                    "diff": "- 403\n+ 401\n"
                  },
                  "uuid": "5afaaf89-8b33-4819-86e9-f8408e59f7cc",
                  "parentUUID": "3fcb7576-bae4-4550-bdf4-4bc53f897c78",
                  "isHook": false,
                  "skipped": false
                },
                {
                  "title": "Deve retornar CODE 401 e mensagem \"Usuário bloqueado por excesso de tentativas.\" quando usar credenciais inválidas por 3 tentativas",
                  "fullTitle": "Login POST/auth/login Deve retornar CODE 401 e mensagem \"Usuário bloqueado por excesso de tentativas.\" quando usar credenciais inválidas por 3 tentativas",
                  "timedOut": false,
                  "duration": 19,
                  "state": "failed",
                  "speed": null,
                  "pass": false,
                  "fail": true,
                  "pending": false,
                  "context": null,
                  "code": "const bodyLogin = { ...postLogin }\nawait request(process.env.BASE_URL)\n    .post('/auth/login')\n    .set('Content-Type', 'application/json')\n    .send(bodyLogin)\nawait request(process.env.BASE_URL)\n    .post('/auth/login')\n    .set('Content-Type', 'application/json')\n    .send(bodyLogin)\nconst resposta = await request(process.env.BASE_URL)\n    .post('/auth/login')\n    .set('Content-Type', 'application/json')\n    .send(bodyLogin)\nexpect(resposta.status).to.equal(401);\nexpect(resposta.body.mensagem).to.equal(\"Usuário bloqueado por excesso de tentativas.\")",
                  "err": {
                    "message": "AssertionError: expected 403 to equal 401",
                    "estack": "AssertionError: expected 403 to equal 401\n    at Context.<anonymous> (test\\login.test.js:52:40)\n    at process.processTicksAndRejections (node:internal/process/task_queues:105:5)",
                    "diff": "- 403\n+ 401\n"
                  },
                  "uuid": "eb4803a1-d001-479d-b48f-c985a4bf7456",
                  "parentUUID": "3fcb7576-bae4-4550-bdf4-4bc53f897c78",
                  "isHook": false,
                  "skipped": false
                }
              ],
              "suites": [],
              "passes": [
                "e491a55d-1756-4671-876b-82ca219158b1"
              ],
              "failures": [
                "e7878f15-9fc2-4a85-b849-6bda1afc9121",
                "5afaaf89-8b33-4819-86e9-f8408e59f7cc",
                "eb4803a1-d001-479d-b48f-c985a4bf7456"
              ],
              "pending": [],
              "skipped": [],
              "duration": 103,
              "root": false,
              "rootEmpty": false,
              "_timeout": 5000
            },
            {
              "uuid": "0dd3fe1e-22d0-4589-9fdf-2ffe8ce9c14e",
              "title": "POST/auth/forgot-password",
              "fullFile": "C:\\Projetos\\Mentoria 2.0\\desafio_03.1\\test\\login.test.js",
              "file": "\\test\\login.test.js",
              "beforeHooks": [],
              "afterHooks": [],
              "tests": [
                {
                  "title": "Deve retornar CODE 200 quando o lembrete de senha for enviado com sucesso",
                  "fullTitle": "Login POST/auth/forgot-password Deve retornar CODE 200 quando o lembrete de senha for enviado com sucesso",
                  "timedOut": false,
                  "duration": 8,
                  "state": "passed",
                  "speed": "fast",
                  "pass": true,
                  "fail": false,
                  "pending": false,
                  "context": null,
                  "code": "const resposta = await request(process.env.BASE_URL)\n    .post('/auth/forgot-password')\n    .set('Content-Type', 'application/json')\n    .send({\n        'username': \"usuario1\"\n    })\nexpect(resposta.status).to.equal(200);\nexpect(resposta.body.lembrete).to.equal(\"Seu lembrete de senha foi encaminhado para o email cadastrado: *******@email.com\")",
                  "err": {},
                  "uuid": "fbb03c67-ae50-4637-8b5a-11d2dba52e7e",
                  "parentUUID": "0dd3fe1e-22d0-4589-9fdf-2ffe8ce9c14e",
                  "isHook": false,
                  "skipped": false
                },
                {
                  "title": "Deve retornar CODE 404 quando o usuário não estiver cadastrado",
                  "fullTitle": "Login POST/auth/forgot-password Deve retornar CODE 404 quando o usuário não estiver cadastrado",
                  "timedOut": false,
                  "duration": 11,
                  "state": "passed",
                  "speed": "fast",
                  "pass": true,
                  "fail": false,
                  "pending": false,
                  "context": null,
                  "code": "const resposta = await request(process.env.BASE_URL)\n    .post('/auth/forgot-password')\n    .set('Content-Type', 'application/json')\n    .send({\n        'username': \"usuario-nao-cadastrado\"\n    })\nexpect(resposta.status).to.equal(404);\nexpect(resposta.body.mensagem).to.equal(\"Usuário não cadastrado.\")",
                  "err": {},
                  "uuid": "206e207b-3fa1-49d6-9a34-456173bc219a",
                  "parentUUID": "0dd3fe1e-22d0-4589-9fdf-2ffe8ce9c14e",
                  "isHook": false,
                  "skipped": false
                }
              ],
              "suites": [],
              "passes": [
                "fbb03c67-ae50-4637-8b5a-11d2dba52e7e",
                "206e207b-3fa1-49d6-9a34-456173bc219a"
              ],
              "failures": [],
              "pending": [],
              "skipped": [],
              "duration": 19,
              "root": false,
              "rootEmpty": false,
              "_timeout": 5000
            }
          ],
          "passes": [],
          "failures": [],
          "pending": [],
          "skipped": [],
          "duration": 0,
          "root": false,
          "rootEmpty": false,
          "_timeout": 5000
        }
      ],
      "passes": [],
      "failures": [],
      "pending": [],
      "skipped": [],
      "duration": 0,
      "root": true,
      "rootEmpty": true,
      "_timeout": 5000
    }
  ],
  "meta": {
    "mocha": {
      "version": "11.7.1"
    },
    "mochawesome": {
      "options": {
        "quiet": false,
        "reportFilename": "mochawesome",
        "saveHtml": true,
        "saveJson": true,
        "consoleReporter": "spec",
        "useInlineDiffs": false,
        "code": true
      },
      "version": "7.1.3"
    },
    "marge": {
      "options": null,
      "version": "6.2.0"
    }
  }
}